0000000000000000 b _TLS_MODULE_BASE_
0000000000000000 A __start__
0000000000000000 T _start
0000000000000000 0000000000000080 b buf.7974
0000000000000080 0000000000000004 b g_sfdnsresResult
0000000000000080 t startup
0000000000000084 0000000000000004 B g_bsdErrno
0000000000000088 0000000000000004 B g_bsdResult
0000000000000090 0000000000000401 b __fixedpath
00000000000000b0 t bss_loop
0000000000000104 T __nx_exit
0000000000000114 T __nx_mod0
0000000000000130 T _init
0000000000000180 0000000000000038 T exit
00000000000001c0 00000000000001a8 T main
0000000000000368 t deregister_tm_clones
0000000000000398 t register_tm_clones
00000000000003d0 t __do_global_dtors_aux
0000000000000418 t frame_dummy
0000000000000450 0000000000000004 T publish_callback
0000000000000460 0000000000000020 T init
0000000000000480 000000000000010c T open_nb_socket
0000000000000498 0000000000002000 b tmp_buffer.6840
0000000000000590 00000000000000d4 t mqtt_unpack_fixed_header.part.0
0000000000000670 000000000000007c T __mqtt_next_pid
00000000000006f0 000000000000007c T mqtt_init
0000000000000770 00000000000000f4 T mqtt_pack_fixed_header
0000000000000870 0000000000000098 T mqtt_unpack_publish_response
0000000000000910 0000000000000084 T mqtt_pack_pubxxx_request
00000000000009a0 0000000000000168 T mqtt_mq_clean
0000000000000b10 00000000000000dc t __mqtt_puback.part.1
0000000000000bf0 00000000000000dc t __mqtt_pubrec.part.2
0000000000000cd0 00000000000000dc t __mqtt_pubrel.part.3
0000000000000db0 00000000000000dc t __mqtt_pubcomp.part.4
0000000000000e90 0000000000000104 t __mqtt_ping.part.5
0000000000000fa0 00000000000002a8 t __mqtt_send.part.6
0000000000001250 0000000000000198 T mqtt_unpack_response
00000000000013f0 0000000000000600 T __mqtt_recv
00000000000019f0 000000000000008c T mqtt_sync
0000000000001a80 0000000000000060 T __mqtt_pack_str
0000000000001ae0 000000000000027c T mqtt_pack_connection_request
0000000000001d60 0000000000000194 T mqtt_connect
0000000000001f00 0000000000000148 T mqtt_pack_publish_request
0000000000002050 000000000000012c T mqtt_publish
0000000000002180 0000000000000018 T mqtt_error_str
00000000000021a0 0000000000000094 T mqtt_pal_sendall
0000000000002240 000000000000009c T mqtt_pal_recvall
00000000000022e0 0000000000000034 t ipcCloseObjectById
0000000000002320 0000000000000124 t _appletGetHandle
0000000000002450 00000000000000e0 t _appletGetPerformanceMode.constprop.14
0000000000002498 0000000000002000 b tmp_buffer.6864
0000000000002530 00000000000000e0 t _appletGetOperationMode.constprop.13
0000000000002610 00000000000000e0 t _appletGetCurrentFocusState.constprop.15
00000000000026f0 00000000000000ec t _appletReceiveMessage
00000000000027e0 00000000000000cc t _appletAcquireForegroundRights
00000000000028b0 00000000000000d4 t _appletSetPerformanceModeChangedNotification.constprop.17
0000000000002990 00000000000000d4 t _appletSetOperationModeChangedNotification.constprop.16
0000000000002a70 00000000000000d0 t _appletSetOutOfFocusSuspendingEnabled
0000000000002b40 00000000000000d8 t _appletSetFocusHandlingMode
0000000000002c20 00000000000000e0 t _appletGetAppletResourceUserId.constprop.11
0000000000002d00 000000000000013c t _appletGetSessionProxy.constprop.10
0000000000002e40 0000000000000564 T appletExit
00000000000033b0 0000000000000010 T appletGetAppletType
00000000000033c0 0000000000000028 T appletHook
00000000000033f0 0000000000000034 T appletUnhook
0000000000003430 0000000000000028 T appletGetAppletResourceUserId
0000000000003460 0000000000000120 T appletNotifyRunning
0000000000003580 000000000000056c T appletInitialize
0000000000003af0 00000000000000ec T appletCreateManagedDisplayLayer
0000000000003be0 000000000000000c T appletGetOperationMode
0000000000003bf0 0000000000000144 T appletMainLoop
0000000000003d40 0000000000000034 t ipcCloseObjectById
0000000000003d80 0000000000000124 t _hidGetSharedMemoryHandle.constprop.8
0000000000003eb0 0000000000000134 t _hidCreateAppletResource.constprop.7
0000000000003ff0 00000000000001b0 T hidReset
00000000000041a0 000000000000000c T hidGetSharedmemAddr
00000000000041b0 000000000000006c T hidKeysDown
0000000000004220 000000000000000c T hidTouchCount
0000000000004230 000000000000049c T hidScanInput
00000000000046d0 000000000000010c T hidSetNpadJoyAssignmentModeDual
00000000000047e0 0000000000000128 T hidExit
0000000000004910 000000000000010c T hidInitialize
0000000000004a20 0000000000000034 t ipcCloseObjectById
0000000000004a60 0000000000000124 t _apmGetSession.constprop.4
0000000000004b90 00000000000000f0 T apmExit
0000000000004c80 000000000000008c T apmInitialize
0000000000004d10 00000000000000cc T apmSetPerformanceConfiguration
0000000000004de0 0000000000000044 T smAddOverrideHandle
0000000000004e30 0000000000000060 T smGetServiceOverride
0000000000004e90 0000000000000014 T smHasInitialized
0000000000004eb0 000000000000005c T smExit
0000000000004f10 0000000000000038 T smEncodeName
0000000000004f50 000000000000012c T smGetServiceOriginal
0000000000005080 0000000000000158 T smInitialize
00000000000051e0 0000000000000074 T smGetService
0000000000005260 00000000000000ec T fatalWithType
0000000000005350 0000000000000014 T fatalSimple
0000000000005370 000000000000004c t _gfxCancelBuffer
00000000000053c0 0000000000000170 t _gfxDequeueBuffer.part.0
0000000000005530 00000000000004b4 T gfxInitDefault
00000000000059f0 00000000000000e8 T gfxConfigureCrop
0000000000005ae0 0000000000000014 T gfxConfigureResolution
0000000000005b00 0000000000000060 t _gfxAutoResolutionAppletHook
0000000000005b60 000000000000011c T gfxConfigureAutoResolution
0000000000005c80 0000000000000174 T gfxExit
0000000000005e00 000000000000003c T _gfxGraphicBufferInit
0000000000005e40 000000000000002c T gfxWaitForVsync
0000000000005e70 000000000000006c T gfxSwapBuffers
0000000000005ee0 0000000000000068 T gfxGetFramebuffer
0000000000005f50 000000000000000c T gfxSetMode
0000000000005f60 000000000000012c T gfxFlushBuffers
0000000000006090 0000000000000038 t nvmapobjClose.part.0.constprop.3
00000000000060d0 00000000000001e8 T nvgfxInitialize
00000000000062c0 0000000000000058 T nvgfxExit
0000000000006320 000000000000004c T nvgfxGetFramebuffer
0000000000006370 00000000000000a8 t _socketParseBsdResult.part.0
0000000000006420 0000000000000048 t _socketRead
0000000000006470 0000000000000048 t _socketWrite
00000000000064c0 000000000000003c t _socketClose
0000000000006500 000000000000007c t _socketOpen
0000000000006580 0000000000000080 t _socketGetFd
0000000000006600 000000000000000c T socketGetDefaultInitConfig
0000000000006610 000000000000001c T socketExit
0000000000006630 0000000000000110 T socketInitialize
0000000000006740 00000000000000a4 T socket
00000000000067f0 0000000000000050 T recv
0000000000006840 0000000000000050 T send
0000000000006890 0000000000000054 T connect
00000000000068f0 00000000000000d0 T fcntl
00000000000069c0 0000000000000030 T freeaddrinfo
00000000000069f0 0000000000000074 T gai_strerror
0000000000006a70 0000000000000510 T getaddrinfo
0000000000006f80 0000000000000250 T consoleDrawChar
00000000000071d0 000000000000015c T consolePrintChar
0000000000007330 0000000000000158 t consoleClearLine
0000000000007490 0000000000000180 t newRow
0000000000007610 000000000000016c t consoleCls
0000000000007780 00000000000000ec T consoleInit
0000000000007870 0000000000000854 t con_write
00000000000080d0 0000000000000030 T _convert_errno
0000000000008100 T armDCacheFlush
0000000000008124 t armDCacheFlush_L0
000000000000813c T svcSetHeapSize
0000000000008150 T svcUnmapMemory
0000000000008158 T svcQueryMemory
000000000000816c T svcExitProcess
0000000000008174 T svcSleepThread
000000000000817c T svcMapSharedMemory
0000000000008184 T svcUnmapSharedMemory
000000000000818c T svcCreateTransferMemory
00000000000081a0 T svcCloseHandle
00000000000081a8 T svcResetSignal
00000000000081b0 T svcWaitSynchronization
00000000000081c4 T svcArbitrateLock
00000000000081cc T svcArbitrateUnlock
00000000000081d4 T svcConnectToNamedPort
00000000000081e8 T svcSendSyncRequest
00000000000081f0 T svcBreak
00000000000081f8 T svcGetInfo
000000000000820c T svcUnmapTransferMemory
0000000000008214 T __aarch64_read_tp
0000000000008220 0000000000000180 t _CacheValues
00000000000083a0 000000000000001c T kernelAbove200
00000000000083c0 000000000000001c T kernelAbove300
00000000000083e0 0000000000000030 T detectDebugger
0000000000008410 0000000000000014 T shmemLoadRemote
0000000000008430 0000000000000084 T shmemMap
00000000000084c0 0000000000000058 T shmemUnmap
0000000000008520 0000000000000044 T shmemClose
0000000000008570 000000000000004c T rwlockReadLock
00000000000085c0 000000000000004c T rwlockReadUnlock
0000000000008610 0000000000000008 T rwlockWriteLock
0000000000008620 0000000000000008 T rwlockWriteUnlock
0000000000008630 000000000000008c T mutexLock
00000000000086c0 0000000000000030 T mutexUnlock
00000000000086f0 000000000000004c T rmutexLock
0000000000008740 000000000000001c T rmutexUnlock
0000000000008760 000000000000007c t _GetRegionFromInfo.isra.1
00000000000087e0 00000000000000e4 T virtmemSetup
00000000000088d0 000000000000013c T virtmemReserve
0000000000008a10 0000000000000004 T virtmemFree
0000000000008a20 000000000000000c T eventLoadRemote
0000000000008a30 000000000000011c T eventWait
0000000000008b50 0000000000000050 T eventClose
0000000000008ba0 0000000000000034 t ipcCloseObjectById
0000000000008be0 00000000000000c8 t ipcQueryPointerBufferSize.constprop.10
0000000000008cb0 000000000000010c t ipcCloneSession.constprop.9
0000000000008dc0 00000000000000d8 t _nvSetClientPID
0000000000008ea0 00000000000000f0 t _nvInitialize.constprop.8
0000000000008f90 0000000000000108 T nvExit
00000000000090a0 0000000000000178 T nvInitialize
0000000000009220 000000000000012c T nvConvertError
0000000000009350 000000000000012c T nvOpen
0000000000009480 0000000000000270 T nvIoctl
00000000000096f0 00000000000000dc T nvClose
00000000000097d0 000000000000015c T nvQueryEvent
0000000000009930 0000000000000034 t ipcCloseObjectById
0000000000009970 0000000000000504 t _sfdnsresDispatchCommand
0000000000009e80 000000000000008c t _sfdnsresErrorStringGetterCommand
0000000000009f10 000000000000006c t _sfdnsresDispatchDnsRequest.constprop.4
0000000000009f80 0000000000000014 T sfdnsresGetGaiStringError
0000000000009fa0 00000000000000f8 T sfdnsresGetAddrInfo
000000000000a0a0 0000000000000034 t ipcCloseObjectById
000000000000a0e0 0000000000000134 t _viGetSession.constprop.7
000000000000a220 00000000000001e4 T viExit
000000000000a410 0000000000000304 T viInitialize
000000000000a720 000000000000000c T viGetSession_IHOSBinderDriverRelay
000000000000a730 0000000000000140 T viOpenDisplay
000000000000a870 0000000000000104 T viCloseDisplay
000000000000a980 000000000000013c T viGetDisplayVsyncEvent
000000000000aac0 0000000000000104 T viCloseLayer
000000000000abd0 0000000000000320 T viCreateLayer
000000000000aef0 00000000000000e8 T viSetLayerScalingMode
000000000000afe0 0000000000000034 t ipcCloseObjectById
000000000000b020 0000000000000120 t _bsdRegisterClient.isra.5.constprop.11
000000000000b140 0000000000000308 t _bsdDispatchBasicCommand.isra.6
000000000000b450 0000000000000044 t _bsdSocketCreationCommand
000000000000b4a0 00000000000000c8 t ipcQueryPointerBufferSize.constprop.10
000000000000b570 00000000000000f8 t _bsdStartMonitor.constprop.9
000000000000b670 00000000000000f0 T bsdExit
000000000000b760 000000000000014c T bsdInitialize
000000000000b8b0 0000000000000014 T bsdSocket
000000000000b8d0 00000000000000c4 T bsdOpen
000000000000b9a0 00000000000000fc T bsdRecv
000000000000baa0 00000000000000bc T bsdSend
000000000000bb60 00000000000000a8 T bsdConnect
000000000000bc10 0000000000000090 T bsdFcntl
000000000000bca0 00000000000000bc T bsdWrite
000000000000bd60 00000000000000fc T bsdRead
000000000000be60 0000000000000040 T bsdClose
000000000000bea0 000000000000005c T nvFenceInit
000000000000bf00 0000000000000098 T nvFenceExit
000000000000bfa0 0000000000000194 T nvFenceWait
000000000000c140 000000000000007c T nvMultiFenceWait
000000000000c1c0 0000000000000024 T nvioctlNvhostCtrl_EventSignal
000000000000c1f0 0000000000000028 T nvioctlNvhostCtrl_EventWaitAsync
000000000000c220 0000000000000024 T nvioctlNvhostCtrl_EventRegister
000000000000c250 0000000000000024 T nvioctlNvhostCtrl_EventUnregister
000000000000c280 000000000000003c T nvioctlNvmap_Create
000000000000c2c0 0000000000000030 T nvioctlNvmap_Alloc
000000000000c2f0 000000000000003c T nvioctlNvmap_GetId
000000000000c330 00000000000000f0 T bqRequestBuffer
000000000000c420 0000000000000154 T bqDequeueBuffer
000000000000c580 000000000000009c T bqDetachBuffer
000000000000c620 00000000000000e0 T bqQueueBuffer
000000000000c700 0000000000000090 T bqCancelBuffer
000000000000c790 00000000000000e4 T bqConnect
000000000000c880 000000000000009c T bqDisconnect
000000000000c920 00000000000000b4 T bqSetPreallocatedBuffer
000000000000c9e0 0000000000000248 t _binderTransactParcelAuto
000000000000cc30 00000000000000c8 t ipcQueryPointerBufferSize
000000000000cd00 0000000000000138 t _binderTransactParcel
000000000000ce40 0000000000000014 T binderCreate
000000000000ce60 0000000000000010 T binderTransactParcel
000000000000ce70 0000000000000124 T binderConvertErrorCode
000000000000cfa0 00000000000000e8 T binderAdjustRefcount
000000000000d090 0000000000000074 T binderClose
000000000000d110 00000000000000c4 T binderInitSession
000000000000d1e0 0000000000000144 T binderGetNativeHandle
000000000000d330 0000000000000028 T parcelCreate
000000000000d360 000000000000019c T parcelTransact
000000000000d500 0000000000000088 T parcelWriteData
000000000000d590 0000000000000098 T parcelReadData
000000000000d630 0000000000000020 T parcelWriteInt32
000000000000d650 0000000000000020 T parcelWriteUInt32
000000000000d670 0000000000000080 T parcelWriteString16
000000000000d6f0 0000000000000030 T parcelWriteInterfaceToken
000000000000d720 0000000000000024 T parcelReadInt32
000000000000d750 0000000000000068 T parcelReadFlattenedObject
000000000000d7c0 0000000000000044 T parcelWriteFlattenedObject
000000000000d810 00000000000000a0 T __nx_dynamic
000000000000d8b0 00000000000000d8 W __libnx_initheap
000000000000d990 0000000000000090 W __appInit
000000000000da20 0000000000000034 W __appExit
000000000000da60 0000000000000028 W __libnx_init
000000000000da90 0000000000000020 W __libnx_exit
000000000000dab0 00000000000001b0 T envSetup
000000000000dc60 0000000000000020 T envGetMainThreadHandle
000000000000dc80 000000000000000c T envIsNso
000000000000dc90 0000000000000014 T envHasHeapOverride
000000000000dcb0 000000000000000c T envGetHeapOverrideAddr
000000000000dcc0 000000000000000c T envGetHeapOverrideSize
000000000000dcd0 0000000000000014 T envHasArgv
000000000000dcf0 000000000000000c T envGetArgv
000000000000dd00 000000000000000c T envGetExitFuncPtr
000000000000dd10 0000000000000008 t mutexInit
000000000000dd20 000000000000000c t rmutexInit
000000000000dd30 000000000000008c T __libnx_gtod
000000000000ddc0 0000000000000020 T __libnx_clock_settime
000000000000dde0 0000000000000028 T __libnx_nanosleep
000000000000de10 0000000000000034 t __libnx_get_reent
000000000000de50 00000000000000d0 T __libnx_clock_gettime
000000000000df20 0000000000000058 T __libnx_clock_getres
000000000000df80 0000000000000054 T __libnx_init_time
000000000000dfe0 0000000000000118 T newlibSetup
000000000000e100 0000000000000368 T argvSetup
000000000000e470 0000000000000010 t fsdev_link
000000000000e480 0000000000000010 t fsdev_dirreset
000000000000e490 0000000000000010 t fsdev_chmod
000000000000e4a0 000000000000001c t error_cmp
000000000000e4c0 0000000000000058 t fsdev_translate_error
000000000000e520 0000000000000040 t fsdev_fsync
000000000000e560 0000000000000060 t fsdev_ftruncate
000000000000e5c0 0000000000000020 t fsdev_dirclose
000000000000e5e0 000000000000016c t fsdev_dirnext
000000000000e750 000000000000001c t fsdev_close
000000000000e770 0000000000000080 t fsdev_fstat
000000000000e7f0 00000000000000b0 t fsdev_seek
000000000000e8a0 0000000000000198 t fsdev_read
000000000000ea40 00000000000001a0 t fsdev_write
000000000000ebe0 0000000000000120 t fsdevFindDevice
000000000000ed00 0000000000000168 t _fsdevMountDevice
000000000000ee70 00000000000001fc t fsdev_getfspath
000000000000f070 0000000000000070 t fsdev_rmdir
000000000000f0e0 00000000000000d4 t fsdev_statvfs
000000000000f1c0 00000000000000ec t fsdev_diropen
000000000000f2b0 0000000000000070 t fsdev_mkdir
000000000000f320 0000000000000114 t fsdev_rename
000000000000f440 00000000000000e8 t fsdev_chdir
000000000000f530 0000000000000070 t fsdev_unlink
000000000000f5a0 0000000000000168 t fsdev_stat
000000000000f710 0000000000000180 t fsdev_open
000000000000f890 00000000000000b8 t _fsdevUnmountDeviceStruct.part.4
000000000000f950 0000000000000010 t fsdev_fchmod
000000000000f960 0000000000000158 T fsdevMountSdmc
000000000000fac0 0000000000000064 T fsdevUnmountAll
000000000000fb30 000000000000012c T decode_utf8
000000000000fc60 00000000000000a8 T tmemCreate
000000000000fd10 0000000000000058 T tmemUnmap
000000000000fd70 0000000000000068 T tmemClose
000000000000fde0 0000000000000034 t ipcCloseObjectById
000000000000fe20 000000000000012c t _timeGetSession
000000000000ff50 00000000000001ec T timeExit
0000000000010140 00000000000000d8 T timeInitialize
0000000000010220 0000000000000124 T timeGetCurrentTime
0000000000010350 0000000000000034 t ipcCloseObjectById
0000000000010390 0000000000000124 T fsInitialize
00000000000104c0 000000000000009c T fsExit
0000000000010560 0000000000000134 T fsMountSdcard
00000000000106a0 00000000000000f4 T fsFsCreateFile
00000000000107a0 00000000000000f0 T fsFsDeleteFile
0000000000010890 00000000000000f0 T fsFsCreateDirectory
0000000000010980 00000000000000f0 T fsFsDeleteDirectory
0000000000010a70 000000000000011c T fsFsRenameFile
0000000000010b90 000000000000011c T fsFsRenameDirectory
0000000000010cb0 0000000000000104 T fsFsGetEntryType
0000000000010dc0 0000000000000154 T fsFsOpenFile
0000000000010f20 000000000000014c T fsFsOpenDirectory
0000000000011070 0000000000000104 T fsFsGetFreeSpace
0000000000011180 0000000000000104 T fsFsGetTotalSpace
0000000000011290 000000000000006c T fsFsClose
0000000000011300 0000000000000108 T fsFileRead
0000000000011410 00000000000000f8 T fsFileWrite
0000000000011510 00000000000000c8 T fsFileFlush
00000000000115e0 00000000000000c8 T fsFileSetSize
00000000000116b0 00000000000000ec T fsFileGetSize
00000000000117a0 000000000000006c T fsFileClose
0000000000011810 000000000000006c T fsDirClose
0000000000011880 0000000000000110 T fsDirRead
0000000000011990 00000000000000c4 T nxlinkSetup
0000000000011a58 00000000000000b8 T bsearch
0000000000011b10 0000000000000014 T __errno
0000000000011b28 0000000000000044 T __libc_fini_array
0000000000011b70 0000000000000094 T fprintf
0000000000011c08 000000000000008c T __libc_init_array
0000000000011c98 000000000000002c T __locale_mb_cur_max
0000000000011cc8 0000000000000008 T __locale_ctype_ptr_l
0000000000011cd0 000000000000002c T __locale_ctype_ptr
0000000000011d00 0000000000000030 T memalign
0000000000011d30 0000000000000198 T _memalign_r
0000000000011ec8 000000000000001c T malloc
0000000000011ee8 000000000000001c T free
0000000000011f08 0000000000000844 T _malloc_r
0000000000012750 00000000000002c8 T __utf8_mbtowc
0000000000012a18 00000000000000d8 T memchr
0000000000012b00 000000000000016c T memcpy
0000000000012c80 00000000000000ac T memmove
0000000000012d40 00000000000001d8 T memset
0000000000012f18 000000000000000c T __malloc_lock
0000000000012f28 000000000000000c T __malloc_unlock
0000000000012f38 000000000000008c T printf
0000000000012fc8 00000000000000d4 T _puts_r
00000000000130a0 000000000000001c T puts
00000000000130c0 000000000000025c T setvbuf
0000000000013320 00000000000000a8 T sprintf
00000000000133c8 00000000000000bc T sscanf
0000000000013488 0000000000000050 T __sread
00000000000134d8 0000000000000008 T __seofread
00000000000134e0 000000000000006c T __swrite
0000000000013550 0000000000000050 T __sseek
00000000000135a0 0000000000000008 T __sclose
00000000000135a8 00000000000000dc T strchr
00000000000136c0 00000000000000a4 T strcmp
0000000000013780 0000000000000140 T strlen
00000000000138c0 0000000000000084 T strncat
000000000001399c 0000000000000108 T strncmp
0000000000013aa8 00000000000000a8 T strncpy
0000000000013ba4 00000000000000e0 T strnlen
0000000000013c60 00000000000001d0 t _strtol_l.isra.0
0000000000013e30 0000000000000048 T _strtol_r
0000000000013e78 00000000000001e0 t _strtoul_l.isra.0
0000000000014058 0000000000000048 T _strtoul_r
00000000000140a0 000000000000005c T strtoul
00000000000140fc 000000000000076c t get_arg
0000000000014868 0000000000003b44 T _svfprintf_r
00000000000183ac 000000000000005c t get_arg
0000000000018408 0000000000002f48 T __ssvfscanf_r
000000000001b350 0000000000000040 T time
000000000001b390 000000000000003c T __sprint_r
000000000001b3cc 000000000000076c t get_arg
000000000001bb38 0000000000003bfc T _vfprintf_r
000000000001f734 00000000000000ec t __sbprintf
000000000001f820 00000000000000d0 T _wcrtomb_r
000000000001f8f0 0000000000000010 T _wcsrtombs_r
000000000001f900 00000000000000e4 T __utf8_wctomb
000000000001f9e8 0000000000000140 T __swsetup_r
000000000001fb28 000000000000017c T __call_exitprocs
000000000001fca8 00000000000001a8 t quorem
000000000001fe50 00000000000010dc T _dtoa_r
0000000000020f30 0000000000000214 T __sflush_r
0000000000021148 00000000000000b8 T _fflush_r
0000000000021200 0000000000000078 t std
0000000000021278 000000000000000c T _cleanup_r
0000000000021288 000000000000000c T __sfp_lock_acquire
0000000000021298 000000000000000c T __sfp_lock_release
00000000000212a8 000000000000000c T __sinit_lock_acquire
00000000000212b8 000000000000000c T __sinit_lock_release
00000000000212c8 0000000000000080 T __sinit
0000000000021348 0000000000000118 T _malloc_trim_r
0000000000021460 00000000000002f4 T _free_r
0000000000021758 00000000000004b8 T __sfvwrite_r
0000000000021c10 00000000000000bc T _fwalk_reent
0000000000021cd0 0000000000000084 T iswspace
0000000000021d58 0000000000000244 t __jp2uc
0000000000021fa0 00000000000000d0 T _jp2uc
0000000000022070 0000000000000008 T __localeconv_l
0000000000022078 0000000000000028 T _localeconv_r
00000000000220a0 00000000000000a4 T __swhatbuf_r
0000000000022148 000000000000010c T __smakebuf_r
0000000000022258 00000000000000d8 T _mbrtowc_r
0000000000022330 0000000000000090 T _Balloc
00000000000223c0 000000000000001c T _Bfree
00000000000223e0 00000000000000e8 T __multadd
00000000000224c8 0000000000000120 T __s2b
00000000000225e8 000000000000005c T __hi0bits
0000000000022648 00000000000000a0 T __lo0bits
00000000000226e8 000000000000002c T __i2b
0000000000022718 00000000000001c8 T __multiply
00000000000228e0 0000000000000104 T __pow5mult
00000000000229e8 0000000000000134 T __lshift
0000000000022b20 0000000000000050 T __mcmp
0000000000022b70 000000000000014c T __mdiff
0000000000022cc0 0000000000000068 T __ulp
0000000000022d28 0000000000000150 T __b2d
0000000000022e78 0000000000000138 T __d2b
0000000000022fb0 00000000000000a0 T __ratio
0000000000023050 0000000000000068 T __copybits
00000000000230b8 0000000000000084 T __any_on
0000000000023140 0000000000000030 T realloc
0000000000023170 000000000000056c T _realloc_r
00000000000236e0 00000000000000bc T __sccl
00000000000237a0 000000000000000c T nanf
00000000000237b0 000000000000007c T frexp
0000000000023830 00000000000000c8 T stpncpy
00000000000238f8 0000000000000054 t sulp
0000000000023950 00000000000010f0 T _strtod_l
0000000000024a40 0000000000000040 T _strtod_r
0000000000024a80 00000000000001d0 t _strtoll_l.isra.0
0000000000024c50 0000000000000048 T _strtoll_r
0000000000024c98 00000000000001e0 t _strtoull_l.isra.0
0000000000024e78 0000000000000048 T _strtoull_r
0000000000024ec0 00000000000001c0 T __ssprint_r
0000000000025080 00000000000000f4 T _sungetc_r
0000000000025174 0000000000000070 T __ssrefill_r
00000000000251e4 00000000000000e0 T _sfread_r
00000000000252c8 00000000000000c8 T __submore
0000000000025390 00000000000001dc T _wcsnrtombs_l
0000000000025570 0000000000000054 T _wcsnrtombs_r
00000000000255c8 0000000000000094 T _calloc_r
0000000000025660 000000000000015c T _fclose_r
00000000000257c0 0000000000000114 t rshift
00000000000258d8 00000000000007e8 T __gethex
00000000000260c0 0000000000000048 T __match
0000000000026108 000000000000022c T __hexnan
0000000000026338 0000000000000008 t null_write
0000000000026340 0000000000000018 T setDefaultDevice
0000000000026358 00000000000000f8 T FindDevice
0000000000026450 0000000000000034 T RemoveDevice
0000000000026488 00000000000000d8 T AddDevice
0000000000026560 00000000000000a8 T _close_r
0000000000026608 0000000000000080 T _fstat_r
0000000000026688 0000000000000028 T _gettimeofday_r
00000000000266b0 0000000000000008 T _isatty_r
00000000000266b8 0000000000000094 T _lseek_r
0000000000026750 00000000000000a4 T _read_r
00000000000267f8 0000000000000078 T _sbrk_r
0000000000026870 00000000000000a4 T _write_r
0000000000026918 0000000000000024 T _exit
0000000000026940 0000000000000234 T _concatenate_path
0000000000026b78 0000000000000178 T chdir
0000000000026cf0 0000000000000018 T __libc_lock_acquire
0000000000026d08 0000000000000018 T __libc_lock_release
0000000000026d20 0000000000000018 T __libc_lock_init_recursive
0000000000026d38 0000000000000018 T __libc_lock_acquire_recursive
0000000000026d50 0000000000000018 T __libc_lock_release_recursive
0000000000026d68 0000000000000018 T __libc_lock_close_recursive
0000000000026d80 000000000000003c T __free_handle
0000000000026dc0 0000000000000058 T __release_handle
0000000000026e18 00000000000000c0 T __alloc_handle
0000000000026ed8 0000000000000020 T __get_handle
0000000000026ef8 0000000000000024 T __getreent
0000000000026f20 0000000000000150 t __extenddftf2
0000000000027070 0000000000000350 t __trunctfdf2
00000000000273c0 0000000000000070 t __sfp_handle_exceptions
0000000000027430 0000000000000100 T strrchr
0000000000027530 T _fini
00000000000284a0 0000000000000014 r CSWTCH.44
0000000000028528 0000000000000038 r g_defaultSocketInitConfig
00000000000285e0 0000000000000060 r colorTable
00000000000286b0 0000000000000086 r _error_code_map
0000000000028738 R default_font_bin
000000000002a738 R default_font_bin_end
000000000002a738 R default_font_bin_size
000000000002a7a0 0000000000000023 r g_bq_InterfaceDescriptor
000000000002a7d0 0000000000000018 r error_table
000000000002aa08 0000000000000010 r blanks.6378
000000000002aa18 0000000000000010 r zeroes.6379
000000000002aae8 0000000000000022 r basefix.6415
000000000002ac58 0000000000000010 r blanks.6393
000000000002ac68 0000000000000010 r zeroes.6394
000000000002ac78 0000000000000101 R _ctype_
000000000002add0 00000000000000bc r a1
000000000002ae90 00000000000000bc r a2
000000000002af50 000000000000005b r a3
000000000002afb0 0000000000000070 r a6
000000000002b020 00000000000000a2 r a7
000000000002b0c8 0000000000000040 r a8
000000000002b108 000000000000172a r b02cf
000000000002c838 0000000000001a7c r d02f4
000000000002e2b8 0000000000000028 R __mprec_bigtens
000000000002e2e0 00000000000000c8 R __mprec_tens
000000000002e3a8 000000000000000c r p05.5161
000000000002e3e8 0000000000000014 r fpi.5241
000000000002e400 0000000000000014 r fpinan.5277
000000000002e418 0000000000000028 r tinytens
000000000002e440 000000000000006c R __action_table
000000000002e4b0 0000000000000100 R __chclass
000000000002e5b0 000000000000006c R __state_table
000000000002e620 0000000000000100 R __hexdig
000000000002e728 0000000000000003 R DIRECTORY_PARENT
000000000002e730 r __EH_FRAME_BEGIN__
000000000002e730 R __eh_frame_hdr_end
000000000002e730 R __eh_frame_hdr_start
0000000000034324 r __FRAME_END__
0000000000034328 a _DYNAMIC
0000000000037000 t __frame_dummy_init_array_entry
0000000000037000 T __init_array_start
0000000000037000 B __preinit_array_end
0000000000037000 B __preinit_array_start
0000000000037000 D __tdata_lma
0000000000037000 D __tdata_lma_end
0000000000037008 t __do_global_dtors_aux_fini_array_entry
0000000000037008 T __fini_array_start
0000000000037008 T __init_array_end
0000000000037010 a _GLOBAL_OFFSET_TABLE_
0000000000037010 T __fini_array_end
0000000000037010 T __got_start__
00000000000372c8 D __got_end__
00000000000372c8 0000000000000030 D mqtt_fixed_header_rules
00000000000372f8 00000000000000d8 d MQTT_ERRORS_STR
00000000000373d0 0000000000000001 V __nx_applet_auto_notifyrunning
00000000000373d4 0000000000000004 V __nx_applet_type
00000000000373d8 0000000000000004 d g_gfxMode
00000000000373e0 0000000000000054 d g_gfxQueueBufferData
0000000000037438 000000000000016c d g_gfx_BufferInitData
00000000000375a4 0000000000000004 D g_nvgfx_totalframebufs
00000000000375a8 00000000000000e0 d g_socketDevoptab
0000000000037688 0000000000000001 d firstConsoleInit.6501
0000000000037690 0000000000000008 D currentConsole
0000000000037698 0000000000000068 D defaultConsole
0000000000037700 00000000000000e0 d dotab_stdout
00000000000377e0 0000000000000004 V __nx_nv_transfermem_size
00000000000377e4 0000000000000004 V __nx_vi_stray_layer_flags
00000000000377e8 0000000000000004 d g_viServiceType
00000000000377f0 0000000000000008 d g_bsdClientPid
00000000000377f8 0000000000000004 d g_ctrl_fd
00000000000377fc 0000000000000004 V __nx_time_type
0000000000037800 0000000000000401 d __cwd
0000000000037c04 0000000000000004 d fsdev_fsdevice_cwd
0000000000037c08 0000000000000004 d fsdev_fsdevice_default
0000000000037c10 00000000000000e0 d fsdev_devoptab
0000000000037cf0 0000000000000008 D _impure_ptr
0000000000037cf8 0000000000000768 d impure_data
0000000000038460 0000000000000008 D _global_impure_ptr
0000000000038468 00000000000001a8 D __global_locale
0000000000038610 0000000000000008 D __malloc_sbrk_base
0000000000038618 0000000000000008 D __malloc_trim_threshold
0000000000038620 0000000000000810 D __malloc_av_
0000000000038e30 0000000000000004 d defaultDevice
0000000000038e38 0000000000000080 D devoptab_list
0000000000038eb8 00000000000000e0 D dotab_stdnull
0000000000038f98 0000000000000400 d _current_working_directory
0000000000039398 0000000000000010 d __stderr_handle
00000000000393a8 0000000000000010 d __stdin_handle
00000000000393b8 0000000000000010 d __stdout_handle
00000000000393c8 0000000000002000 d handles
000000000003b3c8 D __TMC_END__
000000000003b3c8 D __bss_start__
000000000003b3c8 b completed.7821
000000000003b3d0 b object.7826
000000000003b400 0000000000000008 V __nx_applet_PerformanceConfiguration
000000000003b408 0000000000000018 b g_appletFirstHook
000000000003b420 0000000000000001 b g_appletFocusState
000000000003b428 000000000000000c b g_appletIApplicationCreator
000000000003b438 000000000000000c b g_appletIAudioController
000000000003b448 000000000000000c b g_appletICommonStateGetter
000000000003b458 000000000000000c b g_appletIDebugFunctions
000000000003b468 000000000000000c b g_appletIDisplayController
000000000003b478 000000000000000c b g_appletIFunctions
000000000003b488 000000000000000c b g_appletIGlobalStateController
000000000003b498 000000000000000c b g_appletILibraryAppletCreator
000000000003b4a8 000000000000000c b g_appletILibraryAppletSelfAccessor
000000000003b4b8 000000000000000c b g_appletIProcessWindingController
000000000003b4c8 000000000000000c b g_appletISelfController
000000000003b4d8 000000000000000c b g_appletIWindowController
000000000003b4e4 0000000000000004 b g_appletMessageEventHandle
000000000003b4e8 0000000000000001 b g_appletNotifiedRunning
000000000003b4e9 0000000000000001 b g_appletOperationMode
000000000003b4ec 0000000000000004 b g_appletPerformanceMode
000000000003b4f0 000000000000000c b g_appletProxySession
000000000003b500 0000000000000008 b g_appletResourceUserId
000000000003b508 000000000000000c b g_appletSrv
000000000003b518 0000000000000008 b g_refCnt
000000000003b520 0000000000000050 b g_controllerDown
000000000003b570 00000000000001e0 b g_controllerEntries
000000000003b750 0000000000000190 b g_controllerHeaders
000000000003b8e0 0000000000000050 b g_controllerHeld
000000000003b930 0000000000000028 b g_controllerLayout
000000000003b958 0000000000000050 b g_controllerOld
000000000003b9a8 0000000000000004 b g_controllerP1AutoID
000000000003b9b0 0000000000000050 b g_controllerTimestamps
000000000003ba00 0000000000000050 b g_controllerUp
000000000003ba50 000000000000000c b g_hidIAppletResource
000000000003ba60 0000000000000020 b g_hidLock
000000000003ba80 0000000000000020 b g_hidSharedmem
000000000003baa0 000000000000000c b g_hidSrv
000000000003bab0 0000000000000020 b g_keyboardDown
000000000003bad0 0000000000000038 b g_keyboardEntry
000000000003bb08 0000000000000020 b g_keyboardHeld
000000000003bb28 0000000000000008 b g_keyboardModDown
000000000003bb30 0000000000000008 b g_keyboardModHeld
000000000003bb38 0000000000000008 b g_keyboardModOld
000000000003bb40 0000000000000008 b g_keyboardModUp
000000000003bb48 0000000000000020 b g_keyboardOld
000000000003bb68 0000000000000008 b g_keyboardTimestamp
000000000003bb70 0000000000000020 b g_keyboardUp
000000000003bb90 0000000000000008 b g_mouseDown
000000000003bb98 0000000000000030 b g_mouseEntry
000000000003bbc8 0000000000000008 b g_mouseHeld
000000000003bbd0 0000000000000008 b g_mouseOld
000000000003bbd8 0000000000000008 b g_mouseTimestamp
000000000003bbe0 0000000000000008 b g_mouseUp
000000000003bbe8 0000000000000008 b g_refCnt
000000000003bbf0 0000000000000298 b g_touchEntry
000000000003be88 0000000000000008 b g_touchTimestamp
000000000003be90 000000000000000c b g_apmISession
000000000003bea0 000000000000000c b g_apmSrv
000000000003beb0 0000000000000008 b g_refCnt
000000000003beb8 0000000000000008 b g_refCnt
000000000003bec0 0000000000000004 b g_smHandle
000000000003bec8 0000000000000200 b g_smOverrides
000000000003c0c8 0000000000000008 b g_smOverridesNum
000000000003c0d0 000000000000000c b g_gfxBinderEvent
000000000003c0e0 0000000000000010 b g_gfxBinderSession
000000000003c0f0 0000000000000004 b g_gfxCurrentBuffer
000000000003c0f4 0000000000000004 b g_gfxCurrentProducerBuffer
000000000003c0f8 0000000000000050 b g_gfxDisplay
000000000003c148 000000000000000c b g_gfxDisplayVsyncEvent
000000000003c158 0000000000000008 b g_gfxFramebuf
000000000003c160 0000000000000004 b g_gfxFramebufHandle
000000000003c168 0000000000000008 b g_gfxFramebufLinear
000000000003c170 0000000000000008 b g_gfxFramebufSize
000000000003c178 0000000000000001 b g_gfxInitialized
000000000003c180 0000000000000010 b g_gfxLayer
000000000003c190 0000000000000010 b g_gfx_Connect_QueueBufferOutput
000000000003c1a0 0000000000000001 b g_gfx_ProducerConnected
000000000003c1a4 0000000000000004 b g_gfx_ProducerSlotsRequested
000000000003c1a8 0000000000000010 b g_gfx_QueueBuffer_QueueBufferOutput
000000000003c1b8 0000000000000018 b g_gfx_autoresolution_applethookcookie
000000000003c1d0 0000000000000004 b g_gfx_autoresolution_docked_height
000000000003c1d4 0000000000000004 b g_gfx_autoresolution_docked_width
000000000003c1d8 0000000000000001 b g_gfx_autoresolution_enabled
000000000003c1dc 0000000000000004 b g_gfx_autoresolution_handheld_height
000000000003c1e0 0000000000000004 b g_gfx_autoresolution_handheld_width
000000000003c1e8 0000000000000008 B g_gfx_framebuf_aligned_height
000000000003c1f0 0000000000000008 B g_gfx_framebuf_aligned_width
000000000003c1f8 0000000000000008 B g_gfx_framebuf_display_height
000000000003c200 0000000000000008 B g_gfx_framebuf_display_width
000000000003c208 0000000000000008 B g_gfx_framebuf_height
000000000003c210 0000000000000008 B g_gfx_framebuf_width
000000000003c218 0000000000000008 B g_gfx_singleframebuf_linear_size
000000000003c220 0000000000000008 B g_gfx_singleframebuf_size
000000000003c228 0000000000000001 b g_nvgfxInitialized
000000000003c22c 0000000000000004 b g_nvgfx_fd_nvmap
000000000003c230 0000000000000018 b nvmap_fb_obj
000000000003c248 0000000000000018 b g_sfdnsresConfig
000000000003c260 0000000000000001 b g_HasCached
000000000003c261 0000000000000001 b g_IsAbove200
000000000003c262 0000000000000001 b g_IsAbove300
000000000003c263 0000000000000001 b g_IsAbove400
000000000003c264 0000000000000001 b g_IsAbove500
000000000003c265 0000000000000001 b g_IsAbove600
000000000003c268 0000000000000004 b g_Mutex
000000000003c270 0000000000000010 b g_AddressSpace
000000000003c280 0000000000000008 b g_CurrentAddr
000000000003c288 0000000000000030 b g_Region
000000000003c2b8 0000000000000004 b g_VirtMemMutex
000000000003c2c0 0000000000000008 b g_nvIpcBufferSize
000000000003c2c8 000000000000000c b g_nvSrv
000000000003c2d8 000000000000000c b g_nvSrvClone
000000000003c2e8 0000000000000028 b g_nvTransfermem
000000000003c310 0000000000000008 b g_refCnt
000000000003c318 0000000000000008 V __nx_vi_layer_id
000000000003c320 000000000000000c b g_viIApplicationDisplayService
000000000003c330 000000000000000c b g_viIHOSBinderDriverIndirect
000000000003c340 000000000000000c b g_viIHOSBinderDriverRelay
000000000003c350 000000000000000c b g_viIManagerDisplayService
000000000003c360 000000000000000c b g_viISystemDisplayService
000000000003c370 000000000000000c b g_bsdMonitor
000000000003c380 000000000000000c b g_bsdSrv
000000000003c390 0000000000000008 b g_bsdSrvIpcBufferSize
000000000003c398 0000000000000028 b g_bsdTmem
000000000003c3c0 0000000000000008 b g_NvEventUsedMask
000000000003c3c8 0000000000000300 b g_NvEvents
000000000003c6c8 0000000000000008 b g_refCnt
000000000003c6d0 0000000000000008 V __nx_heap_size
000000000003c6d8 0000000000000001 b g_isNso
000000000003c6dc 0000000000000004 b g_lastLoadResult
000000000003c6e0 0000000000000008 b g_loaderRetAddr
000000000003c6e8 0000000000000004 b g_mainThreadHandle
000000000003c6f0 0000000000000008 b g_nextLoadArgv
000000000003c6f8 0000000000000008 b g_nextLoadPath
000000000003c700 0000000000000008 b g_overrideArgv
000000000003c708 0000000000000008 b g_overrideHeapAddr
000000000003c710 0000000000000008 b g_overrideHeapSize
000000000003c718 0000000000000004 b g_processHandle
000000000003c720 0000000000000010 b g_syscallHints
000000000003c730 0000000000000008 b __bootticks
000000000003c738 0000000000000008 b __boottime
000000000003c740 0000000000000008 b g_argv_empty
000000000003c748 0000000000002300 b fsdev_fsdevices
000000000003ea48 0000000000000001 b fsdev_initialised
000000000003ea50 0000000000000008 b g_refCnt
000000000003ea58 000000000000000c b g_timeLocalSystemClock
000000000003ea68 000000000000000c b g_timeNetworkSystemClock
000000000003ea78 000000000000000c b g_timeSrv
000000000003ea88 000000000000000c b g_timeTimeZoneService
000000000003ea98 000000000000000c b g_timeUserSystemClock
000000000003eaa8 000000000000000c b g_fsSrv
000000000003eab8 0000000000000008 b g_refCnt
000000000003eac0 0000000000000028 B __malloc_current_mallinfo
000000000003eae8 0000000000000008 B __malloc_max_sbrked_mem
000000000003eaf0 0000000000000008 B __malloc_max_total_mem
000000000003eaf8 0000000000000008 B __malloc_top_pad
000000000003eb00 000000000000000c b __malloc_recursive_mutex
000000000003eb10 000000000000000c B __atexit_recursive_mutex
000000000003eb20 000000000000000c b __sfp_recursive_mutex
000000000003eb30 000000000000000c b __sinit_recursive_mutex
000000000003eb40 0000000000000008 b heap_start.5228
000000000003eb48 0000000000000008 B fake_heap_end
000000000003eb50 0000000000000008 B fake_heap_start
000000000003eb58 0000000000000400 b temp_cwd
000000000003ef58 0000000000000090 B __syscalls
000000000003efe8 0000000000000004 b __hndl_lock
000000000003eff0 0000000000000068 B currentCopy
000000000003f058 0000000000000008 B __stack_top
000000000003f060 0000000000000008 B __system_argv
000000000003f068 0000000000000004 B __system_argc
000000000003f070 0000000000000004 B __nxlink_host
000000000003f078 B __tls_start
0000000000043510 B __bss_end__
0000000000043510 A __end__
0000000000043510 B __tls_end
0000000000044000 A __argdata__
